# JRE version: Java(TM) SE Runtime Environment 18.9 (11.0.11+9) (build 11.0.11+9-LTS-194)
# Java VM: Java HotSpot(TM) 64-Bit Server VM 18.9 (11.0.11+9-LTS-194, mixed mode, tiered, compressed oops, parallel gc, windows-amd64)
Heap:
 PSYoungGen      total 20992K, used 0K [0x00000000eab00000, 0x00000000ec300000, 0x0000000100000000)
  eden space 20480K, 0% used [0x00000000eab00000,0x00000000eab00000,0x00000000ebf00000)
  from space 512K, 0% used [0x00000000ebf00000,0x00000000ebf00000,0x00000000ebf80000)
  to   space 1536K, 0% used [0x00000000ec180000,0x00000000ec180000,0x00000000ec300000)
 ParOldGen       total 68608K, used 24550K [0x00000000c0000000, 0x00000000c4300000, 0x00000000eab00000)
  object space 68608K, 35% used [0x00000000c0000000,0x00000000c17f9918,0x00000000c4300000)
 Metaspace       used 33328K, capacity 35354K, committed 35632K, reserved 1081344K
  class space    used 3169K, capacity 3914K, committed 3968K, reserved 1048576K
GC Heap History (10 events):
Event: 9.320 GC heap before
{Heap before GC invocations=13 (full 1):
 PSYoungGen      total 24576K, used 24352K [0x00000000eab00000, 0x00000000ec680000, 0x0000000100000000)
  eden space 22016K, 100% used [0x00000000eab00000,0x00000000ec080000,0x00000000ec080000)
  from space 2560K, 91% used [0x00000000ec200000,0x00000000ec448010,0x00000000ec480000)
  to   space 2048K, 0% used [0x00000000ec480000,0x00000000ec480000,0x00000000ec680000)
 ParOldGen       total 68608K, used 15979K [0x00000000c0000000, 0x00000000c4300000, 0x00000000eab00000)
  object space 68608K, 23% used [0x00000000c0000000,0x00000000c0f9af48,0x00000000c4300000)
 Metaspace       used 31451K, capacity 33310K, committed 33456K, reserved 1079296K
  class space    used 3039K, capacity 3745K, committed 3840K, reserved 1048576K
}
Event: 9.332 GC heap after
{Heap after GC invocations=13 (full 1):
 PSYoungGen      total 23040K, used 2016K [0x00000000eab00000, 0x00000000eca80000, 0x0000000100000000)
  eden space 20992K, 0% used [0x00000000eab00000,0x00000000eab00000,0x00000000ebf80000)
  from space 2048K, 98% used [0x00000000ec480000,0x00000000ec678010,0x00000000ec680000)
  to   space 5120K, 0% used [0x00000000ebf80000,0x00000000ebf80000,0x00000000ec480000)
 ParOldGen       total 68608K, used 18324K [0x00000000c0000000, 0x00000000c4300000, 0x00000000eab00000)
  object space 68608K, 26% used [0x00000000c0000000,0x00000000c11e50a8,0x00000000c4300000)
 Metaspace       used 31451K, capacity 33310K, committed 33456K, reserved 1079296K
  class space    used 3039K, capacity 3745K, committed 3840K, reserved 1048576K
}
Event: 9.419 GC heap before
{Heap before GC invocations=14 (full 1):
 PSYoungGen      total 23040K, used 23008K [0x00000000eab00000, 0x00000000eca80000, 0x0000000100000000)
  eden space 20992K, 100% used [0x00000000eab00000,0x00000000ebf80000,0x00000000ebf80000)
  from space 2048K, 98% used [0x00000000ec480000,0x00000000ec678010,0x00000000ec680000)
  to   space 5120K, 0% used [0x00000000ebf80000,0x00000000ebf80000,0x00000000ec480000)
 ParOldGen       total 68608K, used 18324K [0x00000000c0000000, 0x00000000c4300000, 0x00000000eab00000)
  object space 68608K, 26% used [0x00000000c0000000,0x00000000c11e50a8,0x00000000c4300000)
 Metaspace       used 31451K, capacity 33310K, committed 33456K, reserved 1079296K
  class space    used 3039K, capacity 3745K, committed 3840K, reserved 1048576K
}
Event: 9.431 GC heap after
{Heap after GC invocations=14 (full 1):
 PSYoungGen      total 23040K, used 1856K [0x00000000eab00000, 0x00000000ec580000, 0x0000000100000000)
  eden space 20992K, 0% used [0x00000000eab00000,0x00000000eab00000,0x00000000ebf80000)
  from space 2048K, 90% used [0x00000000ebf80000,0x00000000ec150000,0x00000000ec180000)
  to   space 3072K, 0% used [0x00000000ec280000,0x00000000ec280000,0x00000000ec580000)
 ParOldGen       total 68608K, used 20356K [0x00000000c0000000, 0x00000000c4300000, 0x00000000eab00000)
  object space 68608K, 29% used [0x00000000c0000000,0x00000000c13e10b8,0x00000000c4300000)
 Metaspace       used 31451K, capacity 33310K, committed 33456K, reserved 1079296K
  class space    used 3039K, capacity 3745K, committed 3840K, reserved 1048576K
}
Event: 9.728 GC heap before
{Heap before GC invocations=15 (full 1):
 PSYoungGen      total 23040K, used 22799K [0x00000000eab00000, 0x00000000ec580000, 0x0000000100000000)
  eden space 20992K, 99% used [0x00000000eab00000,0x00000000ebf73ec0,0x00000000ebf80000)
  from space 2048K, 90% used [0x00000000ebf80000,0x00000000ec150000,0x00000000ec180000)
  to   space 3072K, 0% used [0x00000000ec280000,0x00000000ec280000,0x00000000ec580000)
 ParOldGen       total 68608K, used 20356K [0x00000000c0000000, 0x00000000c4300000, 0x00000000eab00000)
  object space 68608K, 29% used [0x00000000c0000000,0x00000000c13e10b8,0x00000000c4300000)
 Metaspace       used 31907K, capacity 33914K, committed 33968K, reserved 1079296K
  class space    used 3074K, capacity 3818K, committed 3840K, reserved 1048576K
}
Event: 9.754 GC heap after
{Heap after GC invocations=15 (full 1):
 PSYoungGen      total 23552K, used 3002K [0x00000000eab00000, 0x00000000ec680000, 0x0000000100000000)
  eden space 20480K, 0% used [0x00000000eab00000,0x00000000eab00000,0x00000000ebf00000)
  from space 3072K, 97% used [0x00000000ec280000,0x00000000ec56ea88,0x00000000ec580000)
  to   space 3584K, 0% used [0x00000000ebf00000,0x00000000ebf00000,0x00000000ec280000)
 ParOldGen       total 68608K, used 22146K [0x00000000c0000000, 0x00000000c4300000, 0x00000000eab00000)
  object space 68608K, 32% used [0x00000000c0000000,0x00000000c15a0938,0x00000000c4300000)
 Metaspace       used 31907K, capacity 33914K, committed 33968K, reserved 1079296K
  class space    used 3074K, capacity 3818K, committed 3840K, reserved 1048576K
}
Event: 10.160 GC heap before
{Heap before GC invocations=16 (full 1):
 PSYoungGen      total 23552K, used 21724K [0x00000000eab00000, 0x00000000ec680000, 0x0000000100000000)
  eden space 20480K, 91% used [0x00000000eab00000,0x00000000ebd48600,0x00000000ebf00000)
  from space 3072K, 97% used [0x00000000ec280000,0x00000000ec56ea88,0x00000000ec580000)
  to   space 3584K, 0% used [0x00000000ebf00000,0x00000000ebf00000,0x00000000ec280000)
 ParOldGen       total 68608K, used 22146K [0x00000000c0000000, 0x00000000c4300000, 0x00000000eab00000)
  object space 68608K, 32% used [0x00000000c0000000,0x00000000c15a0938,0x00000000c4300000)
 Metaspace       used 33315K, capacity 35290K, committed 35376K, reserved 1081344K
  class space    used 3169K, capacity 3914K, committed 3968K, reserved 1048576K
}
Event: 10.171 GC heap after
{Heap after GC invocations=16 (full 1):
 PSYoungGen      total 20992K, used 327K [0x00000000eab00000, 0x00000000ec300000, 0x0000000100000000)
  eden space 20480K, 0% used [0x00000000eab00000,0x00000000eab00000,0x00000000ebf00000)
  from space 512K, 63% used [0x00000000ebf00000,0x00000000ebf51c48,0x00000000ebf80000)
  to   space 1536K, 0% used [0x00000000ec180000,0x00000000ec180000,0x00000000ec300000)
 ParOldGen       total 68608K, used 24847K [0x00000000c0000000, 0x00000000c4300000, 0x00000000eab00000)
  object space 68608K, 36% used [0x00000000c0000000,0x00000000c1843d40,0x00000000c4300000)
 Metaspace       used 33315K, capacity 35290K, committed 35376K, reserved 1081344K
  class space    used 3169K, capacity 3914K, committed 3968K, reserved 1048576K
}
Event: 10.171 GC heap before
{Heap before GC invocations=17 (full 2):
 PSYoungGen      total 20992K, used 327K [0x00000000eab00000, 0x00000000ec300000, 0x0000000100000000)
  eden space 20480K, 0% used [0x00000000eab00000,0x00000000eab00000,0x00000000ebf00000)
  from space 512K, 63% used [0x00000000ebf00000,0x00000000ebf51c48,0x00000000ebf80000)
  to   space 1536K, 0% used [0x00000000ec180000,0x00000000ec180000,0x00000000ec300000)
 ParOldGen       total 68608K, used 24847K [0x00000000c0000000, 0x00000000c4300000, 0x00000000eab00000)
  object space 68608K, 36% used [0x00000000c0000000,0x00000000c1843d40,0x00000000c4300000)
 Metaspace       used 33315K, capacity 35290K, committed 35376K, reserved 1081344K
  class space    used 3169K, capacity 3914K, committed 3968K, reserved 1048576K
}
Event: 10.622 GC heap after
{Heap after GC invocations=17 (full 2):
 PSYoungGen      total 20992K, used 0K [0x00000000eab00000, 0x00000000ec300000, 0x0000000100000000)
  eden space 20480K, 0% used [0x00000000eab00000,0x00000000eab00000,0x00000000ebf00000)
  from space 512K, 0% used [0x00000000ebf00000,0x00000000ebf00000,0x00000000ebf80000)
  to   space 1536K, 0% used [0x00000000ec180000,0x00000000ec180000,0x00000000ec300000)
 ParOldGen       total 68608K, used 24550K [0x00000000c0000000, 0x00000000c4300000, 0x00000000eab00000)
  object space 68608K, 35% used [0x00000000c0000000,0x00000000c17f9918,0x00000000c4300000)
 Metaspace       used 33315K, capacity 35290K, committed 35376K, reserved 1081344K
  class space    used 3169K, capacity 3914K, committed 3968K, reserved 1048576K
}

